<?xml version="1.0" encoding="UTF-8"?>
<!-- Generated by org.testng.reporters.JUnitReportReporter -->
<testsuite hostname="DESKTOP-CLRBLLG" name="testNGPackage.NewTest" tests="2" failures="0" timestamp="12 Sep 2020 23:49:05 GMT" time="0.015" errors="0">
  <testcase name="f" time="0.011" classname="testNGPackage.NewTest"/>
  <testcase name="b" time="0.004" classname="testNGPackage.NewTest"/>
</testsuite> <!-- testNGPackage.NewTest -->
